ENGINE=LMDB
2017/06/17-02:59:46
LMDB:       version LMDB 0.9.21: (June 1, 2017)
Date:       Sat Jun 17 02:59:46 2017
CPU:        64 * Intel(R) Xeon(R) CPU E5-2686 v4 @ 2.30GHz
CPUCache:   46080 KB
Keys:       16 bytes each
Values:     4000 bytes each (2000 bytes after compression)
Entries:    38400000
RawSize:    147070.3 MB (estimated)
FileSize:   73828.1 MB (estimated)
------------------------------------------------
fillseqbatch :       6.369 micros/op 156998 ops/sec;  601.3 MB/s
16	/mnt/lost+found
154888336	/mnt/dbbench_mdb-1
154888356	/mnt
2017/06/17-03:03:56
THREADS=1
LMDB:       version LMDB 0.9.21: (June 1, 2017)
Date:       Sat Jun 17 03:03:56 2017
CPU:        64 * Intel(R) Xeon(R) CPU E5-2686 v4 @ 2.30GHz
CPUCache:   46080 KB
Keys:       16 bytes each
Values:     4000 bytes each (2000 bytes after compression)
Entries:    38400000
RawSize:    147070.3 MB (estimated)
FileSize:   73828.1 MB (estimated)
------------------------------------------------
writer       :      16.336 micros/op 61215 ops/sec; (desired 0 ops/sec)
readwhilewriting :       2.478 micros/op 403555 ops/sec; (121066999 of 121066999 found)
2017/06/17-03:09:04
16	/mnt/lost+found
154933340	/mnt/dbbench_mdb-1
154933360	/mnt
THREADS=4
LMDB:       version LMDB 0.9.21: (June 1, 2017)
Date:       Sat Jun 17 03:09:04 2017
CPU:        64 * Intel(R) Xeon(R) CPU E5-2686 v4 @ 2.30GHz
CPUCache:   46080 KB
Keys:       16 bytes each
Values:     4000 bytes each (2000 bytes after compression)
Entries:    38400000
RawSize:    147070.3 MB (estimated)
FileSize:   73828.1 MB (estimated)
------------------------------------------------
writer       :      15.218 micros/op 65710 ops/sec; (desired 0 ops/sec)
readwhilewriting :       0.575 micros/op 1739479 ops/sec; (129422999 of 129422999 found)
2017/06/17-03:14:09
16	/mnt/lost+found
154933340	/mnt/dbbench_mdb-1
154933360	/mnt
THREADS=16
LMDB:       version LMDB 0.9.21: (June 1, 2017)
Date:       Sat Jun 17 03:14:09 2017
CPU:        64 * Intel(R) Xeon(R) CPU E5-2686 v4 @ 2.30GHz
CPUCache:   46080 KB
Keys:       16 bytes each
Values:     4000 bytes each (2000 bytes after compression)
Entries:    38400000
RawSize:    147070.3 MB (estimated)
FileSize:   73828.1 MB (estimated)
------------------------------------------------
writer       :      16.186 micros/op 61779 ops/sec; (desired 0 ops/sec)
readwhilewriting :       0.136 micros/op 7340221 ops/sec; (136468999 of 136468999 found)
2017/06/17-03:19:14
16	/mnt/lost+found
154933340	/mnt/dbbench_mdb-1
154933360	/mnt
THREADS=64
LMDB:       version LMDB 0.9.21: (June 1, 2017)
Date:       Sat Jun 17 03:19:14 2017
CPU:        64 * Intel(R) Xeon(R) CPU E5-2686 v4 @ 2.30GHz
CPUCache:   46080 KB
Keys:       16 bytes each
Values:     4000 bytes each (2000 bytes after compression)
Entries:    38400000
RawSize:    147070.3 MB (estimated)
FileSize:   73828.1 MB (estimated)
------------------------------------------------
writer       :      20.301 micros/op 49259 ops/sec; (desired 0 ops/sec)
readwhilewriting :       0.042 micros/op 23976643 ops/sec; (112102999 of 112102999 found)
2017/06/17-03:24:18
16	/mnt/lost+found
154960432	/mnt/dbbench_mdb-1
154960452	/mnt
THREADS=128
LMDB:       version LMDB 0.9.21: (June 1, 2017)
Date:       Sat Jun 17 03:24:18 2017
CPU:        64 * Intel(R) Xeon(R) CPU E5-2686 v4 @ 2.30GHz
CPUCache:   46080 KB
Keys:       16 bytes each
Values:     4000 bytes each (2000 bytes after compression)
Entries:    38400000
RawSize:    147070.3 MB (estimated)
FileSize:   73828.1 MB (estimated)
------------------------------------------------
writer       :      41.022 micros/op 24377 ops/sec; (desired 0 ops/sec)
readwhilewriting :       0.040 micros/op 25179313 ops/sec; (57056999 of 57056999 found)
2017/06/17-03:29:21
16	/mnt/lost+found
155003656	/mnt/dbbench_mdb-1
155003676	/mnt
